::1 - - [28/Aug/2017:09:43:38 +0000] "GET / HTTP/1.1" 304 -
::1 - - [28/Aug/2017:09:43:39 +0000] "GET / HTTP/1.1" 304 -
::1 - - [28/Aug/2017:09:43:39 +0000] "GET / HTTP/1.1" 304 -
::1 - - [28/Aug/2017:09:43:40 +0000] "GET / HTTP/1.1" 304 -
::1 - - [28/Aug/2017:09:43:40 +0000] "GET / HTTP/1.1" 304 -
::1 - - [28/Aug/2017:09:43:41 +0000] "GET / HTTP/1.1" 304 -
::1 - - [28/Aug/2017:09:43:41 +0000] "GET / HTTP/1.1" 304 -
::1 - - [28/Aug/2017:09:43:41 +0000] "GET / HTTP/1.1" 304 -
::1 - - [28/Aug/2017:09:43:41 +0000] "GET / HTTP/1.1" 304 -
::1 - - [28/Aug/2017:09:43:41 +0000] "GET / HTTP/1.1" 304 -
::1 - - [28/Aug/2017:09:43:41 +0000] "GET / HTTP/1.1" 304 -
::1 - - [28/Aug/2017:09:43:42 +0000] "GET / HTTP/1.1" 304 -
::1 - - [28/Aug/2017:09:43:42 +0000] "GET / HTTP/1.1" 304 -
::1 - - [28/Aug/2017:09:43:42 +0000] "GET / HTTP/1.1" 304 -
::1 - - [28/Aug/2017:09:43:42 +0000] "GET / HTTP/1.1" 304 -
::1 - - [28/Aug/2017:09:43:43 +0000] "GET / HTTP/1.1" 304 -
::1 - - [28/Aug/2017:09:43:43 +0000] "GET / HTTP/1.1" 304 -
::1 - - [28/Aug/2017:09:43:51 +0000] "PUT /update/59a170ea6716da4aef9505cd HTTP/1.1" - -
::1 - - [28/Aug/2017:09:47:03 +0000] "GET / HTTP/1.1" 200 972
::1 - - [28/Aug/2017:09:48:59 +0000] "DELETE /delete/59a170ea6716da4aef9505cd HTTP/1.1" - -
::1 - - [28/Aug/2017:09:49:31 +0000] "GET / HTTP/1.1" 304 -
::1 - - [28/Aug/2017:09:49:40 +0000] "GET / HTTP/1.1" 200 972
::1 - - [28/Aug/2017:09:50:10 +0000] "GET / HTTP/1.1" 304 -
::1 - - [28/Aug/2017:09:50:11 +0000] "GET / HTTP/1.1" 304 -
::1 - - [28/Aug/2017:09:50:11 +0000] "GET / HTTP/1.1" 304 -
::1 - - [28/Aug/2017:09:50:11 +0000] "GET / HTTP/1.1" 304 -
::1 - - [28/Aug/2017:09:50:12 +0000] "GET / HTTP/1.1" 304 -
::1 - - [28/Aug/2017:09:51:06 +0000] "GET / HTTP/1.1" 304 -
::1 - - [28/Aug/2017:09:51:07 +0000] "GET / HTTP/1.1" 304 -
::1 - - [28/Aug/2017:09:51:07 +0000] "GET / HTTP/1.1" 304 -
::1 - - [28/Aug/2017:09:51:07 +0000] "GET / HTTP/1.1" 304 -
::1 - - [28/Aug/2017:09:51:07 +0000] "GET / HTTP/1.1" 304 -
::1 - - [28/Aug/2017:09:51:08 +0000] "GET / HTTP/1.1" 304 -
::1 - - [28/Aug/2017:09:51:15 +0000] "PUT /update/59a171566716da4aef9505ce HTTP/1.1" - -
::1 - - [28/Aug/2017:09:51:26 +0000] "POST /insert/ HTTP/1.1" 200 77
::1 - - [28/Aug/2017:09:51:38 +0000] "GET / HTTP/1.1" 200 1050
::1 - - [28/Aug/2017:09:51:39 +0000] "GET / HTTP/1.1" 304 -
::1 - - [28/Aug/2017:09:51:40 +0000] "GET / HTTP/1.1" 304 -
::1 - - [28/Aug/2017:09:52:55 +0000] "PUT /update/59a3e79ee100f63e5e96bf06 HTTP/1.1" 200 77
::1 - - [28/Aug/2017:09:52:57 +0000] "PUT /update/59a3e79ee100f63e5e96bf06 HTTP/1.1" 200 75
::1 - - [28/Aug/2017:10:10:37 +0000] "GET / HTTP/1.1" 200 1048
::1 - - [28/Aug/2017:10:10:43 +0000] "GET / HTTP/1.1" 304 -
::1 - - [28/Aug/2017:10:10:58 +0000] "GET /inser HTTP/1.1" 404 144
::1 - - [28/Aug/2017:10:11:05 +0000] "GET /inser HTTP/1.1" 404 144
::1 - - [28/Aug/2017:10:11:36 +0000] "GET /inser HTTP/1.1" 404 144
::1 - - [28/Aug/2017:10:11:37 +0000] "GET /inser HTTP/1.1" 404 144
::1 - - [28/Aug/2017:10:11:37 +0000] "GET /inser HTTP/1.1" 404 144
::1 - - [28/Aug/2017:10:11:37 +0000] "GET /inser HTTP/1.1" 404 144
::1 - - [28/Aug/2017:10:11:39 +0000] "GET /inser HTTP/1.1" 404 144
::1 - - [28/Aug/2017:10:11:45 +0000] "GET /inser HTTP/1.1" 404 144
::1 - - [28/Aug/2017:10:35:17 +0000] "GET /find HTTP/1.1" 200 1048
127.0.0.1 - - [28/Aug/2017:13:50:10 +0000] "GET /find HTTP/1.1" 200 1048
::1 - - [28/Aug/2017:13:52:01 +0000] "GET /find HTTP/1.1" 200 1048
::1 - - [28/Aug/2017:13:53:18 +0000] "GET /find HTTP/1.1" 200 1048
